<?xml version="1.0" encoding="UTF-8"?>
<!-- Generated by org.testng.reporters.JUnitReportReporter -->
<testsuite hostname="DESKTOP-80GNOIC" failures="0" tests="3" name="com.StepDefination.DataDriven" time="0.015" errors="0" timestamp="2021-08-24T20:51:17 IST" skipped="0">
  <testcase classname="com.StepDefination.DataDriven" name="myTest" time="0.009"/>
  <system-out/>
  <testcase classname="com.StepDefination.DataDriven" name="myTest" time="0.003"/>
  <system-out/>
  <testcase classname="com.StepDefination.DataDriven" name="myTest" time="0.003"/>
  <system-out/>
</testsuite> <!-- com.StepDefination.DataDriven -->
